<?xml version="1.0" encoding="UTF-8"?>
<!-- Generated by org.testng.reporters.JUnitXMLReporter -->
<testsuite ignored="0" hostname="DESKTOP-CFDAM04" failures="0" tests="3" name="Default test" time="13.08" errors="0" timestamp="2026-05-06T12:55:13 IST">
  <testcase classname="testNG_FW.FacebookApp" name="ts1" time="0.333"/>
  <testcase classname="testNG_FW.FacebookApp" name="ts2" time="0.13"/>
  <testcase classname="testNG_FW.FacebookApp" name="ts3" time="2.584"/>
</testsuite> <!-- Default test -->
