<?xml version="1.0" encoding="UTF-8"?>
<testng-results ignored="0" total="3" passed="3" failed="0" skipped="0">
  <reporter-output>
  </reporter-output>
  <suite started-at="2026-05-06T12:55:00 IST" name="Default suite" finished-at="2026-05-06T12:55:13 IST" duration-ms="13080">
    <groups>
    </groups>
    <test started-at="2026-05-06T12:55:00 IST" name="Default test" finished-at="2026-05-06T12:55:13 IST" duration-ms="13080">
      <class name="testNG_FW.FacebookApp">
        <test-method is-config="true" signature="LaunchApp()[pri:0, instance:testNG_FW.FacebookApp@9597028]" started-at="2026-05-06T12:55:00 IST" name="LaunchApp" finished-at="2026-05-06T12:55:09 IST" duration-ms="9172" status="PASS">
          <reporter-output>
          </reporter-output>
        </test-method> <!-- LaunchApp -->
        <test-method signature="ts1()[pri:0, instance:testNG_FW.FacebookApp@9597028]" started-at="2026-05-06T12:55:09 IST" name="ts1" finished-at="2026-05-06T12:55:10 IST" duration-ms="333" status="PASS">
          <reporter-output>
          </reporter-output>
        </test-method> <!-- ts1 -->
        <test-method signature="ts2()[pri:0, instance:testNG_FW.FacebookApp@9597028]" started-at="2026-05-06T12:55:10 IST" name="ts2" finished-at="2026-05-06T12:55:10 IST" duration-ms="130" status="PASS">
          <reporter-output>
          </reporter-output>
        </test-method> <!-- ts2 -->
        <test-method signature="ts3()[pri:0, instance:testNG_FW.FacebookApp@9597028]" started-at="2026-05-06T12:55:10 IST" name="ts3" finished-at="2026-05-06T12:55:12 IST" duration-ms="2584" status="PASS">
          <reporter-output>
          </reporter-output>
        </test-method> <!-- ts3 -->
        <test-method is-config="true" signature="CloseApp()[pri:0, instance:testNG_FW.FacebookApp@9597028]" started-at="2026-05-06T12:55:12 IST" name="CloseApp" finished-at="2026-05-06T12:55:13 IST" duration-ms="570" status="PASS">
          <reporter-output>
          </reporter-output>
        </test-method> <!-- CloseApp -->
      </class> <!-- testNG_FW.FacebookApp -->
    </test> <!-- Default test -->
  </suite> <!-- Default suite -->
</testng-results>
