<?xml version="1.0" encoding="UTF-8"?>
<!-- Generated by org.testng.reporters.JUnitReportReporter -->
<testsuite hostname="DESKTOP-CFDAM04" failures="0" tests="7" name="testNG_FW.Annotation2" time="0.021" errors="0" timestamp="2026-05-05T15:30:56 IST" skipped="0">
  <testcase classname="testNG_FW.Annotation2" name="ts2" time="0.002"/>
  <testcase classname="testNG_FW.Annotation2" name="ts2" time="0.002"/>
  <testcase classname="testNG_FW.Annotation2" name="ts4" time="0.004"/>
  <testcase classname="testNG_FW.Annotation2" name="ts1" time="0.007"/>
  <testcase classname="testNG_FW.Annotation2" name="ts3" time="0.002"/>
  <testcase classname="testNG_FW.Annotation2" name="ts3" time="0.002"/>
  <testcase classname="testNG_FW.Annotation2" name="ts3" time="0.002"/>
</testsuite> <!-- testNG_FW.Annotation2 -->
