<?xml version="1.0" encoding="UTF-8"?>
<!-- Generated by org.testng.reporters.JUnitReportReporter -->
<testsuite hostname="DESKTOP-CFDAM04" failures="0" tests="3" name="testNG_FW.FacebookApp" time="3.047" errors="0" timestamp="2026-05-06T12:55:13 IST" skipped="0">
  <testcase classname="testNG_FW.FacebookApp" name="ts3" time="2.584"/>
  <testcase classname="testNG_FW.FacebookApp" name="ts1" time="0.333"/>
  <testcase classname="testNG_FW.FacebookApp" name="ts2" time="0.130"/>
</testsuite> <!-- testNG_FW.FacebookApp -->
