<?xml version="1.0" encoding="UTF-8"?>
<!-- Generated by org.testng.reporters.JUnitReportReporter -->
<testsuite hostname="DESKTOP-CFDAM04" failures="0" tests="3" name="testNG_FW.AnnotationsBasic" time="0.025" errors="0" timestamp="2026-05-05T11:16:30 IST" skipped="0">
  <testcase classname="testNG_FW.AnnotationsBasic" name="ts3" time="0.003"/>
  <testcase classname="testNG_FW.AnnotationsBasic" name="ts1" time="0.014"/>
  <testcase classname="testNG_FW.AnnotationsBasic" name="ts2" time="0.008"/>
</testsuite> <!-- testNG_FW.AnnotationsBasic -->
